<?xml version="1.0" encoding="UTF-8"?>
<!-- Generated by org.testng.reporters.JUnitReportReporter -->
<testsuite hostname="LIN41004955" failures="0" tests="1" name="testpackage.HandleSeleniumTest" time="26.475" errors="0" timestamp="2023-05-29T17:30:40 IST" skipped="0">
  <testcase classname="testpackage.HandleSeleniumTest" name="test01" time="26.475"/>
  <system-out/>
</testsuite> <!-- testpackage.HandleSeleniumTest -->
